app/build/intermediates/manifest_merge_blame_file/debug/processDebugMainManifest/manifest-merger-blame-debug-report.txt
1<?xml version="1.0" encoding="utf-8"?>
2<manifest xmlns:android="http://schemas.android.com/apk/res/android"
3    package="com.neuropulse.app"
4    android:versionCode="1"
5    android:versionName="1.0" >
6
7    <uses-sdk
8        android:minSdkVersion="26"
9        android:targetSdkVersion="34" />
10
11    <!-- Permissions -->
12    <uses-permission android:name="android.permission.FOREGROUND_SERVICE" />
12-->src\main\AndroidManifest.xml:7:5-77
12-->src\main\AndroidManifest.xml:7:22-74
13    <uses-permission android:name="android.permission.FOREGROUND_SERVICE_DATA_SYNC" /> <!-- Added tools:targetApi="34" -->
13-->src\main\AndroidManifest.xml:8:5-108
13-->src\main\AndroidManifest.xml:8:22-84
14    <uses-permission android:name="android.permission.POST_NOTIFICATIONS" />
14-->src\main\AndroidManifest.xml:9:5-77
14-->src\main\AndroidManifest.xml:9:22-74
15    <uses-permission android:name="android.permission.PACKAGE_USAGE_STATS" />
15-->src\main\AndroidManifest.xml:10:5-11:47
15-->src\main\AndroidManifest.xml:10:22-75
16
17    <permission
17-->[androidx.core:core:1.13.1] AndroidManifest.xml:22:5-24:47
18        android:name="com.neuropulse.app.DYNAMIC_RECEIVER_NOT_EXPORTED_PERMISSION"
18-->[androidx.core:core:1.13.1] AndroidManifest.xml:23:9-81
19        android:protectionLevel="signature" />
19-->[androidx.core:core:1.13.1] AndroidManifest.xml:24:9-44
20
21    <uses-permission android:name="com.neuropulse.app.DYNAMIC_RECEIVER_NOT_EXPORTED_PERMISSION" />
21-->[androidx.core:core:1.13.1] AndroidManifest.xml:26:5-97
21-->[androidx.core:core:1.13.1] AndroidManifest.xml:26:22-94
22
23    <application
23-->src\main\AndroidManifest.xml:13:5-67:19
24        android:allowBackup="true"
24-->src\main\AndroidManifest.xml:14:9-35
25        android:appComponentFactory="androidx.core.app.CoreComponentFactory"
25-->[androidx.core:core:1.13.1] AndroidManifest.xml:28:18-86
26        android:debuggable="true"
27        android:extractNativeLibs="false"
28        android:icon="@mipmap/ic_launcher"
28-->src\main\AndroidManifest.xml:15:9-43
29        android:label="Neuropulse"
29-->src\main\AndroidManifest.xml:16:9-35
30        android:roundIcon="@mipmap/ic_launcher"
30-->src\main\AndroidManifest.xml:17:9-48
31        android:supportsRtl="true"
31-->src\main\AndroidManifest.xml:18:9-35
32        android:testOnly="true"
33        android:theme="@style/Theme.Neuropulse" >
33-->src\main\AndroidManifest.xml:19:9-48
34
35        <!-- Main Launcher Activity -->
36        <activity
36-->src\main\AndroidManifest.xml:22:9-29:20
37            android:name="com.neuropulse.app.MainActivity"
37-->src\main\AndroidManifest.xml:23:13-41
38            android:exported="true" >
38-->src\main\AndroidManifest.xml:24:13-36
39            <intent-filter>
39-->src\main\AndroidManifest.xml:25:13-28:29
40                <action android:name="android.intent.action.MAIN" />
40-->src\main\AndroidManifest.xml:26:17-69
40-->src\main\AndroidManifest.xml:26:25-66
41
42                <category android:name="android.intent.category.LAUNCHER" />
42-->src\main\AndroidManifest.xml:27:17-77
42-->src\main\AndroidManifest.xml:27:27-74
43            </intent-filter>
44        </activity>
45
46        <!-- Service for monitoring app usage -->
47        <service
47-->src\main\AndroidManifest.xml:32:9-36:56
48            android:name="com.neuropulse.app.UsageMonitorService"
48-->src\main\AndroidManifest.xml:33:13-48
49            android:enabled="true"
49-->src\main\AndroidManifest.xml:34:13-35
50            android:exported="false"
50-->src\main\AndroidManifest.xml:35:13-37
51            android:foregroundServiceType="dataSync" />
51-->src\main\AndroidManifest.xml:36:13-53
52
53        <!-- Service for detecting spikes -->
54        <service
54-->src\main\AndroidManifest.xml:39:9-43:56
55            android:name="com.neuropulse.app.SpikeDetectionService"
55-->src\main\AndroidManifest.xml:40:13-50
56            android:enabled="true"
56-->src\main\AndroidManifest.xml:41:13-35
57            android:exported="false"
57-->src\main\AndroidManifest.xml:42:13-37
58            android:foregroundServiceType="dataSync" />
58-->src\main\AndroidManifest.xml:43:13-53
59
60        <!-- Notification Listener Service -->
61        <service
61-->src\main\AndroidManifest.xml:46:9-54:19
62            android:name="com.neuropulse.app.NLService"
62-->src\main\AndroidManifest.xml:47:13-38
63            android:exported="true"
63-->src\main\AndroidManifest.xml:50:13-36
64            android:label="Neuropulse Notification Access"
64-->src\main\AndroidManifest.xml:48:13-59
65            android:permission="android.permission.BIND_NOTIFICATION_LISTENER_SERVICE" >
65-->src\main\AndroidManifest.xml:49:13-87
66            <intent-filter>
66-->src\main\AndroidManifest.xml:51:13-53:29
67                <action android:name="android.service.notification.NotificationListenerService" />
67-->src\main\AndroidManifest.xml:52:17-99
67-->src\main\AndroidManifest.xml:52:25-96
68            </intent-filter>
69        </service>
70
71        <!-- Unlock Receiver -->
72        <receiver
72-->src\main\AndroidManifest.xml:57:9-65:20
73            android:name="com.neuropulse.app.UnlockReceiver"
73-->src\main\AndroidManifest.xml:58:13-43
74            android:enabled="true"
74-->src\main\AndroidManifest.xml:59:13-35
75            android:exported="true" >
75-->src\main\AndroidManifest.xml:60:13-36
76            <intent-filter>
76-->src\main\AndroidManifest.xml:61:13-64:29
77                <action android:name="android.intent.action.USER_PRESENT" />
77-->src\main\AndroidManifest.xml:62:17-77
77-->src\main\AndroidManifest.xml:62:25-74
78                <action android:name="android.intent.action.SCREEN_ON" />
78-->src\main\AndroidManifest.xml:63:17-74
78-->src\main\AndroidManifest.xml:63:25-71
79            </intent-filter>
80        </receiver>
81
82        <provider
82-->[androidx.emoji2:emoji2:1.3.0] AndroidManifest.xml:24:9-32:20
83            android:name="androidx.startup.InitializationProvider"
83-->[androidx.emoji2:emoji2:1.3.0] AndroidManifest.xml:25:13-67
84            android:authorities="com.neuropulse.app.androidx-startup"
84-->[androidx.emoji2:emoji2:1.3.0] AndroidManifest.xml:26:13-68
85            android:exported="false" >
85-->[androidx.emoji2:emoji2:1.3.0] AndroidManifest.xml:27:13-37
86            <meta-data
86-->[androidx.emoji2:emoji2:1.3.0] AndroidManifest.xml:29:13-31:52
87                android:name="androidx.emoji2.text.EmojiCompatInitializer"
87-->[androidx.emoji2:emoji2:1.3.0] AndroidManifest.xml:30:17-75
88                android:value="androidx.startup" />
88-->[androidx.emoji2:emoji2:1.3.0] AndroidManifest.xml:31:17-49
89            <meta-data
89-->[androidx.lifecycle:lifecycle-process:2.6.2] AndroidManifest.xml:29:13-31:52
90                android:name="androidx.lifecycle.ProcessLifecycleInitializer"
90-->[androidx.lifecycle:lifecycle-process:2.6.2] AndroidManifest.xml:30:17-78
91                android:value="androidx.startup" />
91-->[androidx.lifecycle:lifecycle-process:2.6.2] AndroidManifest.xml:31:17-49
92            <meta-data
92-->[androidx.profileinstaller:profileinstaller:1.3.1] AndroidManifest.xml:29:13-31:52
93                android:name="androidx.profileinstaller.ProfileInstallerInitializer"
93-->[androidx.profileinstaller:profileinstaller:1.3.1] AndroidManifest.xml:30:17-85
94                android:value="androidx.startup" />
94-->[androidx.profileinstaller:profileinstaller:1.3.1] AndroidManifest.xml:31:17-49
95        </provider>
96
97        <service
97-->[androidx.room:room-runtime:2.5.2] AndroidManifest.xml:24:9-28:63
98            android:name="androidx.room.MultiInstanceInvalidationService"
98-->[androidx.room:room-runtime:2.5.2] AndroidManifest.xml:25:13-74
99            android:directBootAware="true"
99-->[androidx.room:room-runtime:2.5.2] AndroidManifest.xml:26:13-43
100            android:exported="false" />
100-->[androidx.room:room-runtime:2.5.2] AndroidManifest.xml:27:13-37
101
102        <receiver
102-->[androidx.profileinstaller:profileinstaller:1.3.1] AndroidManifest.xml:34:9-52:20
103            android:name="androidx.profileinstaller.ProfileInstallReceiver"
103-->[androidx.profileinstaller:profileinstaller:1.3.1] AndroidManifest.xml:35:13-76
104            android:directBootAware="false"
104-->[androidx.profileinstaller:profileinstaller:1.3.1] AndroidManifest.xml:36:13-44
105            android:enabled="true"
105-->[androidx.profileinstaller:profileinstaller:1.3.1] AndroidManifest.xml:37:13-35
106            android:exported="true"
106-->[androidx.profileinstaller:profileinstaller:1.3.1] AndroidManifest.xml:38:13-36
107            android:permission="android.permission.DUMP" >
107-->[androidx.profileinstaller:profileinstaller:1.3.1] AndroidManifest.xml:39:13-57
108            <intent-filter>
108-->[androidx.profileinstaller:profileinstaller:1.3.1] AndroidManifest.xml:40:13-42:29
109                <action android:name="androidx.profileinstaller.action.INSTALL_PROFILE" />
109-->[androidx.profileinstaller:profileinstaller:1.3.1] AndroidManifest.xml:41:17-91
109-->[androidx.profileinstaller:profileinstaller:1.3.1] AndroidManifest.xml:41:25-88
110            </intent-filter>
111            <intent-filter>
111-->[androidx.profileinstaller:profileinstaller:1.3.1] AndroidManifest.xml:43:13-45:29
112                <action android:name="androidx.profileinstaller.action.SKIP_FILE" />
112-->[androidx.profileinstaller:profileinstaller:1.3.1] AndroidManifest.xml:44:17-85
112-->[androidx.profileinstaller:profileinstaller:1.3.1] AndroidManifest.xml:44:25-82
113            </intent-filter>
114            <intent-filter>
114-->[androidx.profileinstaller:profileinstaller:1.3.1] AndroidManifest.xml:46:13-48:29
115                <action android:name="androidx.profileinstaller.action.SAVE_PROFILE" />
115-->[androidx.profileinstaller:profileinstaller:1.3.1] AndroidManifest.xml:47:17-88
115-->[androidx.profileinstaller:profileinstaller:1.3.1] AndroidManifest.xml:47:25-85
116            </intent-filter>
117            <intent-filter>
117-->[androidx.profileinstaller:profileinstaller:1.3.1] AndroidManifest.xml:49:13-51:29
118                <action android:name="androidx.profileinstaller.action.BENCHMARK_OPERATION" />
118-->[androidx.profileinstaller:profileinstaller:1.3.1] AndroidManifest.xml:50:17-95
118-->[androidx.profileinstaller:profileinstaller:1.3.1] AndroidManifest.xml:50:25-92
119            </intent-filter>
120        </receiver>
121    </application>
122
123</manifest>